<?xml version="1.0" encoding="UTF-8"?>
<testng-results skipped="0" failed="0" total="3" passed="3">
  <reporter-output>
  </reporter-output>
  <suite name="Surefire suite" duration-ms="267" started-at="2019-03-10T01:55:53Z" finished-at="2019-03-10T01:55:54Z">
    <groups>
    </groups>
    <test name="Surefire test" duration-ms="267" started-at="2019-03-10T01:55:53Z" finished-at="2019-03-10T01:55:54Z">
      <class name="com.disney.studios.service.DogDAOTest">
        <test-method status="PASS" signature="setUp()[pri:0, instance:com.disney.studios.service.DogDAOTest@6f7fd0e6]" name="setUp" is-config="true" duration-ms="218" started-at="2019-03-09T17:55:53Z" finished-at="2019-03-09T17:55:54Z">
          <reporter-output>
          </reporter-output>
        </test-method> <!-- setUp -->
        <test-method status="PASS" signature="testVoteException()[pri:0, instance:com.disney.studios.service.DogDAOTest@6f7fd0e6]" name="testVoteException" duration-ms="17" started-at="2019-03-09T17:55:54Z" finished-at="2019-03-09T17:55:54Z">
          <exception class="com.disney.studios.exception.DogServiceException">
            <message>
              <![CDATA[This id is invalid]]>
            </message>
            <full-stacktrace>
              <![CDATA[com.disney.studios.exception.DogServiceException: This id is invalid
	at com.disney.studios.dao.DogDAO.vote(DogDAO.java:70)
	at com.disney.studios.service.DogDAOTest.testVoteException(DogDAOTest.java:54)
	at sun.reflect.NativeMethodAccessorImpl.invoke0(Native Method)
	at sun.reflect.NativeMethodAccessorImpl.invoke(NativeMethodAccessorImpl.java:62)
	at sun.reflect.DelegatingMethodAccessorImpl.invoke(DelegatingMethodAccessorImpl.java:43)
	at java.lang.reflect.Method.invoke(Method.java:498)
	at org.testng.internal.MethodInvocationHelper.invokeMethod(MethodInvocationHelper.java:86)
	at org.testng.internal.Invoker.invokeMethod(Invoker.java:643)
	at org.testng.internal.Invoker.invokeTestMethod(Invoker.java:820)
	at org.testng.internal.Invoker.invokeTestMethods(Invoker.java:1128)
	at org.testng.internal.TestMethodWorker.invokeTestMethods(TestMethodWorker.java:129)
	at org.testng.internal.TestMethodWorker.run(TestMethodWorker.java:112)
	at org.testng.TestRunner.privateRun(TestRunner.java:782)
	at org.testng.TestRunner.run(TestRunner.java:632)
	at org.testng.SuiteRunner.runTest(SuiteRunner.java:366)
	at org.testng.SuiteRunner.runSequentially(SuiteRunner.java:361)
	at org.testng.SuiteRunner.privateRun(SuiteRunner.java:319)
	at org.testng.SuiteRunner.run(SuiteRunner.java:268)
	at org.testng.SuiteRunnerWorker.runSuite(SuiteRunnerWorker.java:52)
	at org.testng.SuiteRunnerWorker.run(SuiteRunnerWorker.java:86)
	at org.testng.TestNG.runSuitesSequentially(TestNG.java:1244)
	at org.testng.TestNG.runSuitesLocally(TestNG.java:1169)
	at org.testng.TestNG.run(TestNG.java:1064)
	at org.apache.maven.surefire.testng.TestNGExecutor.run(TestNGExecutor.java:135)
	at org.apache.maven.surefire.testng.TestNGDirectoryTestSuite.executeMulti(TestNGDirectoryTestSuite.java:193)
	at org.apache.maven.surefire.testng.TestNGDirectoryTestSuite.execute(TestNGDirectoryTestSuite.java:94)
	at org.apache.maven.surefire.testng.TestNGProvider.invoke(TestNGProvider.java:146)
	at org.apache.maven.surefire.booter.ForkedBooter.invokeProviderInSameClassLoader(ForkedBooter.java:384)
	at org.apache.maven.surefire.booter.ForkedBooter.runSuitesInProcess(ForkedBooter.java:345)
	at org.apache.maven.surefire.booter.ForkedBooter.execute(ForkedBooter.java:126)
	at org.apache.maven.surefire.booter.ForkedBooter.main(ForkedBooter.java:418)
Caused by: org.springframework.dao.EmptyResultDataAccessException: Incorrect result size: expected 2, actual 0
	at org.easymock.internal.MockInvocationHandler.invoke(MockInvocationHandler.java:46)
	at org.easymock.internal.ObjectMethodsFilter.invoke(ObjectMethodsFilter.java:94)
	at org.easymock.internal.ClassProxyFactory$MockMethodInterceptor.intercept(ClassProxyFactory.java:97)
	at org.springframework.jdbc.core.JdbcTemplate$$EnhancerByCGLIB$$55bcfa13.queryForObject(<generated>)
	at com.disney.studios.dao.DogDAO.vote(DogDAO.java:59)
	... 30 more
]]>
            </full-stacktrace>
          </exception> <!-- com.disney.studios.exception.DogServiceException -->
          <reporter-output>
          </reporter-output>
        </test-method> <!-- testVoteException -->
      </class> <!-- com.disney.studios.service.DogDAOTest -->
      <class name="com.disney.studios.service.DogPicServiceTest">
        <test-method status="PASS" signature="setUp()[pri:0, instance:com.disney.studios.service.DogPicServiceTest@47c62251]" name="setUp" is-config="true" duration-ms="9" started-at="2019-03-09T17:55:54Z" finished-at="2019-03-09T17:55:54Z">
          <reporter-output>
          </reporter-output>
        </test-method> <!-- setUp -->
        <test-method status="PASS" signature="testGetAll()[pri:0, instance:com.disney.studios.service.DogPicServiceTest@47c62251]" name="testGetAll" duration-ms="0" started-at="2019-03-09T17:55:54Z" finished-at="2019-03-09T17:55:54Z">
          <reporter-output>
          </reporter-output>
        </test-method> <!-- testGetAll -->
        <test-method status="PASS" signature="setUp()[pri:0, instance:com.disney.studios.service.DogPicServiceTest@47c62251]" name="setUp" is-config="true" duration-ms="4" started-at="2019-03-09T17:55:54Z" finished-at="2019-03-09T17:55:54Z">
          <reporter-output>
          </reporter-output>
        </test-method> <!-- setUp -->
        <test-method status="PASS" signature="testGetSpecificBreedEmpty()[pri:0, instance:com.disney.studios.service.DogPicServiceTest@47c62251]" name="testGetSpecificBreedEmpty" duration-ms="1" started-at="2019-03-09T17:55:54Z" finished-at="2019-03-09T17:55:54Z">
          <reporter-output>
          </reporter-output>
        </test-method> <!-- testGetSpecificBreedEmpty -->
      </class> <!-- com.disney.studios.service.DogPicServiceTest -->
    </test> <!-- Surefire test -->
  </suite> <!-- Surefire suite -->
</testng-results>
